<?xml version="1.0" encoding="UTF-8" ?>
<testsuite tests="1" failures="0" name="com.redspark.nycl.FixtureGenerationTest" time="1.978" errors="1" skipped="0">
  <properties>
[...]
</properties>
  <testcase classname="com.redspark.nycl.FixtureGenerationTest" name="testGenerate" time="1.978">
    <error message="failed to lazily initialize a collection of role: com.redspark.nycl.domain.SeasonConfiguration.ageGroupConfigurations, could not initialize proxy - no Session" type="org.hibernate.LazyInitializationException">org.hibernate.LazyInitializationException: failed to lazily initialize a collection of role: com.redspark.nycl.domain.SeasonConfiguration.ageGroupConfigurations, could not initialize proxy - no Session
	at org.hibernate.collection.internal.AbstractPersistentCollection.throwLazyInitializationException(AbstractPersistentCollection.java:587)
	at org.hibernate.collection.internal.AbstractPersistentCollection.withTemporarySessionIfNeeded(AbstractPersistentCollection.java:204)
	at org.hibernate.collection.internal.AbstractPersistentCollection.initialize(AbstractPersistentCollection.java:566)
	at org.hibernate.collection.internal.AbstractPersistentCollection.read(AbstractPersistentCollection.java:135)
	at org.hibernate.collection.internal.PersistentMap.keySet(PersistentMap.java:223)
	at com.redspark.nycl.domain.Season.createFixtures(Season.java:106)
	at com.redspark.nycl.service.impl.postgresql.PostgresqlSeasonConfigurationService.generateFixtures(PostgresqlSeasonConfigurationService.java:103)
	at com.redspark.nycl.FixtureGenerationTest.testGenerate(FixtureGenerationTest.java:27)
	at sun.reflect.NativeMethodAccessorImpl.invoke0(Native Method)
	at sun.reflect.NativeMethodAccessorImpl.invoke(NativeMethodAccessorImpl.java:62)
	at sun.reflect.DelegatingMethodAccessorImpl.invoke(DelegatingMethodAccessorImpl.java:43)
	at java.lang.reflect.Method.invoke(Method.java:497)
	at org.junit.runners.model.FrameworkMethod$1.runReflectiveCall(FrameworkMethod.java:50)
	at org.junit.internal.runners.model.ReflectiveCallable.run(ReflectiveCallable.java:12)
	at org.junit.runners.model.FrameworkMethod.invokeExplosively(FrameworkMethod.java:47)
	at org.junit.internal.runners.statements.InvokeMethod.evaluate(InvokeMethod.java:17)
	at org.springframework.test.context.junit4.statements.RunBeforeTestMethodCallbacks.evaluate(RunBeforeTestMethodCallbacks.java:75)
	at org.springframework.test.context.junit4.statements.RunAfterTestMethodCallbacks.evaluate(RunAfterTestMethodCallbacks.java:86)
	at org.springframework.test.context.junit4.statements.SpringRepeat.evaluate(SpringRepeat.java:84)
	at org.junit.runners.ParentRunner.runLeaf(ParentRunner.java:325)
	at org.springframework.test.context.junit4.SpringJUnit4ClassRunner.runChild(SpringJUnit4ClassRunner.java:252)
	at org.springframework.test.context.junit4.SpringJUnit4ClassRunner.runChild(SpringJUnit4ClassRunner.java:94)
	at org.junit.runners.ParentRunner$3.run(ParentRunner.java:290)
	at org.junit.runners.ParentRunner$1.schedule(ParentRunner.java:71)
	at org.junit.runners.ParentRunner.runChildren(ParentRunner.java:288)
	at org.junit.runners.ParentRunner.access$000(ParentRunner.java:58)
	at org.junit.runners.ParentRunner$2.evaluate(ParentRunner.java:268)
	at org.springframework.test.context.junit4.statements.RunBeforeTestClassCallbacks.evaluate(RunBeforeTestClassCallbacks.java:61)
	at org.springframework.test.context.junit4.statements.RunAfterTestClassCallbacks.evaluate(RunAfterTestClassCallbacks.java:70)
	at org.junit.runners.ParentRunner.run(ParentRunner.java:363)
	at org.springframework.test.context.junit4.SpringJUnit4ClassRunner.run(SpringJUnit4ClassRunner.java:191)
	at org.apache.maven.surefire.junit4.JUnit4Provider.execute(JUnit4Provider.java:252)
	at org.apache.maven.surefire.junit4.JUnit4Provider.executeTestSet(JUnit4Provider.java:141)
	at org.apache.maven.surefire.junit4.JUnit4Provider.invoke(JUnit4Provider.java:112)
	at sun.reflect.NativeMethodAccessorImpl.invoke0(Native Method)
	at sun.reflect.NativeMethodAccessorImpl.invoke(NativeMethodAccessorImpl.java:62)
	at sun.reflect.DelegatingMethodAccessorImpl.invoke(DelegatingMethodAccessorImpl.java:43)
	at java.lang.reflect.Method.invoke(Method.java:497)
	at org.apache.maven.surefire.util.ReflectionUtils.invokeMethodWithArray(ReflectionUtils.java:189)
	at org.apache.maven.surefire.booter.ProviderFactory$ProviderProxy.invoke(ProviderFactory.java:165)
	at org.apache.maven.surefire.booter.ProviderFactory.invokeProvider(ProviderFactory.java:85)
	at org.apache.maven.surefire.booter.ForkedBooter.runSuitesInProcess(ForkedBooter.java:115)
	at org.apache.maven.surefire.booter.ForkedBooter.main(ForkedBooter.java:75)
</error>
    <system-out>13:03:13.846 [main] DEBUG org.springframework.test.context.junit4.SpringJUnit4ClassRunner - SpringJUnit4ClassRunner constructor called with [class com.redspark.nycl.FixtureGenerationTest]
13:03:13.854 [main] DEBUG org.springframework.test.context.BootstrapUtils - Instantiating CacheAwareContextLoaderDelegate from class [org.springframework.test.context.cache.DefaultCacheAwareContextLoaderDelegate]
13:03:13.863 [main] DEBUG org.springframework.test.context.BootstrapUtils - Instantiating BootstrapContext using constructor [public org.springframework.test.context.support.DefaultBootstrapContext(java.lang.Class,org.springframework.test.context.CacheAwareContextLoaderDelegate)]
13:03:13.881 [main] DEBUG org.springframework.test.context.BootstrapUtils - Instantiating TestContextBootstrapper for test class [com.redspark.nycl.FixtureGenerationTest] from class [org.springframework.boot.test.context.SpringBootTestContextBootstrapper]
13:03:13.901 [main] INFO org.springframework.boot.test.context.SpringBootTestContextBootstrapper - Neither @ContextConfiguration nor @ContextHierarchy found for test class [com.redspark.nycl.FixtureGenerationTest], using SpringBootContextLoader
13:03:13.905 [main] DEBUG org.springframework.test.context.support.AbstractContextLoader - Did not detect default resource location for test class [com.redspark.nycl.FixtureGenerationTest]: class path resource [com/redspark/nycl/FixtureGenerationTest-context.xml] does not exist
13:03:13.906 [main] DEBUG org.springframework.test.context.support.AbstractContextLoader - Did not detect default resource location for test class [com.redspark.nycl.FixtureGenerationTest]: class path resource [com/redspark/nycl/FixtureGenerationTestContext.groovy] does not exist
13:03:13.906 [main] INFO org.springframework.test.context.support.AbstractContextLoader - Could not detect default resource locations for test class [com.redspark.nycl.FixtureGenerationTest]: no resource found for suffixes {-context.xml, Context.groovy}.
13:03:13.952 [main] DEBUG org.springframework.test.context.support.ActiveProfilesUtils - Could not find an &apos;annotation declaring class&apos; for annotation type [org.springframework.test.context.ActiveProfiles] and class [com.redspark.nycl.FixtureGenerationTest]
13:03:13.989 [main] DEBUG org.springframework.boot.test.context.SpringBootTestContextBootstrapper - @TestExecutionListeners is not present for class [com.redspark.nycl.FixtureGenerationTest]: using defaults.
13:03:13.995 [main] INFO org.springframework.boot.test.context.SpringBootTestContextBootstrapper - Loaded default TestExecutionListener class names from location [META-INF/spring.factories]: [org.springframework.test.context.web.ServletTestExecutionListener, org.springframework.test.context.support.DirtiesContextBeforeModesTestExecutionListener, org.springframework.test.context.support.DependencyInjectionTestExecutionListener, org.springframework.test.context.support.DirtiesContextTestExecutionListener, org.springframework.test.context.transaction.TransactionalTestExecutionListener, org.springframework.test.context.jdbc.SqlScriptsTestExecutionListener, org.springframework.boot.test.mock.mockito.MockitoTestExecutionListener, org.springframework.boot.test.mock.mockito.ResetMocksTestExecutionListener, org.springframework.boot.test.autoconfigure.restdocs.RestDocsTestExecutionListener, org.springframework.boot.test.autoconfigure.web.client.MockRestServiceServerResetTestExecutionListener, org.springframework.boot.test.autoconfigure.web.servlet.MockMvcPrintOnlyOnFailureTestExecutionListener, org.springframework.boot.test.autoconfigure.web.servlet.WebDriverTestExecutionListener]
13:03:14.025 [main] INFO org.springframework.boot.test.context.SpringBootTestContextBootstrapper - Using TestExecutionListeners: [org.springframework.test.context.web.ServletTestExecutionListener@120d6fe6, org.springframework.test.context.support.DirtiesContextBeforeModesTestExecutionListener@4ba2ca36, org.springframework.boot.test.autoconfigure.SpringBootDependencyInjectionTestExecutionListener@3444d69d, org.springframework.test.context.support.DirtiesContextTestExecutionListener@1372ed45, org.springframework.test.context.transaction.TransactionalTestExecutionListener@6a79c292, org.springframework.test.context.jdbc.SqlScriptsTestExecutionListener@37574691, org.springframework.boot.test.mock.mockito.MockitoTestExecutionListener@25359ed8, org.springframework.boot.test.autoconfigure.web.client.MockRestServiceServerResetTestExecutionListener@21a947fe, org.springframework.boot.test.autoconfigure.web.servlet.MockMvcPrintOnlyOnFailureTestExecutionListener@5606c0b, org.springframework.boot.test.mock.mockito.ResetMocksTestExecutionListener@80ec1f8, org.springframework.boot.test.autoconfigure.web.servlet.WebDriverTestExecutionListener@1445d7f, org.springframework.boot.test.autoconfigure.restdocs.RestDocsTestExecutionListener@6a396c1e]
13:03:14.028 [main] DEBUG org.springframework.test.annotation.ProfileValueUtils - Retrieved @ProfileValueSourceConfiguration [null] for test class [com.redspark.nycl.FixtureGenerationTest]
13:03:14.029 [main] DEBUG org.springframework.test.annotation.ProfileValueUtils - Retrieved ProfileValueSource type [class org.springframework.test.annotation.SystemProfileValueSource] for class [com.redspark.nycl.FixtureGenerationTest]
13:03:14.030 [main] DEBUG org.springframework.test.annotation.ProfileValueUtils - Retrieved @ProfileValueSourceConfiguration [null] for test class [com.redspark.nycl.FixtureGenerationTest]
13:03:14.030 [main] DEBUG org.springframework.test.annotation.ProfileValueUtils - Retrieved ProfileValueSource type [class org.springframework.test.annotation.SystemProfileValueSource] for class [com.redspark.nycl.FixtureGenerationTest]
13:03:14.049 [main] DEBUG org.springframework.test.context.support.AbstractDirtiesContextTestExecutionListener - Before test class: context [DefaultTestContext@221af3c0 testClass = FixtureGenerationTest, testInstance = [null], testMethod = [null], testException = [null], mergedContextConfiguration = [WebMergedContextConfiguration@62bd765 testClass = FixtureGenerationTest, locations = &apos;{}&apos;, classes = &apos;{class com.redspark.nycl.WebApplication, class com.redspark.nycl.WebApplication}&apos;, contextInitializerClasses = &apos;[]&apos;, activeProfiles = &apos;{}&apos;, propertySourceLocations = &apos;{}&apos;, propertySourceProperties = &apos;{org.springframework.boot.test.context.SpringBootTestContextBootstrapper=true}&apos;, contextCustomizers = set[org.springframework.test.context.web.socket.MockServerContainerContextCustomizer@30a3107a, org.springframework.boot.test.context.SpringBootTestContextCustomizer@bd8db5a, org.springframework.boot.test.context.filter.ExcludeFilterContextCustomizer@4b553d26, org.springframework.boot.test.mock.mockito.MockitoContextCustomizer@0, org.springframework.boot.test.autoconfigure.properties.PropertyMappingContextCustomizer@0, org.springframework.boot.test.autoconfigure.web.servlet.WebDriverContextCustomizerFactory$Customizer@7ce6a65d], resourceBasePath = &apos;src/main/webapp&apos;, contextLoader = &apos;org.springframework.boot.test.context.SpringBootContextLoader&apos;, parent = [null]]], class annotated with @DirtiesContext [false] with mode [null].
13:03:14.050 [main] DEBUG org.springframework.test.annotation.ProfileValueUtils - Retrieved @ProfileValueSourceConfiguration [null] for test class [com.redspark.nycl.FixtureGenerationTest]
13:03:14.050 [main] DEBUG org.springframework.test.annotation.ProfileValueUtils - Retrieved ProfileValueSource type [class org.springframework.test.annotation.SystemProfileValueSource] for class [com.redspark.nycl.FixtureGenerationTest]
13:03:14.187 [main] DEBUG org.springframework.core.env.StandardEnvironment - Adding [systemProperties] PropertySource with lowest search precedence
13:03:14.188 [main] DEBUG org.springframework.core.env.StandardEnvironment - Adding [systemEnvironment] PropertySource with lowest search precedence
13:03:14.188 [main] DEBUG org.springframework.core.env.StandardEnvironment - Initialized StandardEnvironment with PropertySources [systemProperties,systemEnvironment]
13:03:14.190 [main] DEBUG org.springframework.core.env.MutablePropertySources - Adding [inline] PropertySource with highest search precedence
13:03:14.198 [main] DEBUG org.springframework.test.context.support.TestPropertySourceUtils - Adding inlined properties to environment: {spring.jmx.enabled=false, org.springframework.boot.test.context.SpringBootTestContextBootstrapper=true, server.port=-1}
13:03:14.199 [main] DEBUG org.springframework.core.env.StandardEnvironment - Adding [Inlined Test Properties] PropertySource with highest search precedence

  .   ____          _            __ _ _
 /\\ / ___&apos;_ __ _ _(_)_ __  __ _ \ \ \ \
( ( )\___ | &apos;_ | &apos;_| | &apos;_ \/ _` | \ \ \ \
 \\/  ___)| |_)| | | | | || (_| |  ) ) ) )
  &apos;  |____| .__|_| |_|_| |_\__, | / / / /
 =========|_|==============|___/=/_/_/_/
 :: Spring Boot ::        (v1.5.7.RELEASE)

2018-08-14 13:03:14.529  INFO 16844 --- [           main] com.redspark.nycl.FixtureGenerationTest  : Starting FixtureGenerationTest on MacBook-Pro-9.local with PID 16844 (started by simonpark in /Users/simonpark/nycl/nycl-server)
2018-08-14 13:03:14.530  INFO 16844 --- [           main] com.redspark.nycl.FixtureGenerationTest  : No active profile set, falling back to default profiles: default
2018-08-14 13:03:14.870  INFO 16844 --- [           main] o.s.w.c.s.GenericWebApplicationContext   : Refreshing org.springframework.web.context.support.GenericWebApplicationContext@34f5090e: startup date [Tue Aug 14 13:03:14 BST 2018]; root of context hierarchy
2018-08-14 13:03:15.618  INFO 16844 --- [           main] .s.d.r.c.RepositoryConfigurationDelegate : Multiple Spring Data modules found, entering strict repository configuration mode!
2018-08-14 13:03:15.728  INFO 16844 --- [           main] .s.d.r.c.RepositoryConfigurationDelegate : Multiple Spring Data modules found, entering strict repository configuration mode!
2018-08-14 13:03:15.745  INFO 16844 --- [           main] .RepositoryConfigurationExtensionSupport : Spring Data MongoDB - Could not safely identify store assignment for repository candidate interface com.redspark.nycl.persistence.PostgresqlDivisionConfigurationRepository.
2018-08-14 13:03:15.747  INFO 16844 --- [           main] .RepositoryConfigurationExtensionSupport : Spring Data MongoDB - Could not safely identify store assignment for repository candidate interface com.redspark.nycl.persistence.PostgresqlTeamRepository.
2018-08-14 13:03:15.748  INFO 16844 --- [           main] .RepositoryConfigurationExtensionSupport : Spring Data MongoDB - Could not safely identify store assignment for repository candidate interface com.redspark.nycl.persistence.PostgresqlLeagueConfigurationRepository.
2018-08-14 13:03:15.749  INFO 16844 --- [           main] .RepositoryConfigurationExtensionSupport : Spring Data MongoDB - Could not safely identify store assignment for repository candidate interface com.redspark.nycl.persistence.PostgresqlSeasonConfigurationRepository.
2018-08-14 13:03:15.749  INFO 16844 --- [           main] .RepositoryConfigurationExtensionSupport : Spring Data MongoDB - Could not safely identify store assignment for repository candidate interface com.redspark.nycl.persistence.PostgresqlClubRepository.
2018-08-14 13:03:15.750  INFO 16844 --- [           main] .RepositoryConfigurationExtensionSupport : Spring Data MongoDB - Could not safely identify store assignment for repository candidate interface com.redspark.nycl.persistence.PostgresqlSeasonRepository.
2018-08-14 13:03:15.754  INFO 16844 --- [           main] o.s.b.f.s.DefaultListableBeanFactory     : Overriding bean definition for bean &apos;mongoClubRepository&apos; with a different definition: replacing [Root bean: class [org.springframework.data.jpa.repository.support.JpaRepositoryFactoryBean]; scope=; abstract=false; lazyInit=false; autowireMode=0; dependencyCheck=0; autowireCandidate=true; primary=false; factoryBeanName=null; factoryMethodName=null; initMethodName=null; destroyMethodName=null] with [Root bean: class [org.springframework.data.mongodb.repository.support.MongoRepositoryFactoryBean]; scope=; abstract=false; lazyInit=false; autowireMode=0; dependencyCheck=0; autowireCandidate=true; primary=false; factoryBeanName=null; factoryMethodName=null; initMethodName=null; destroyMethodName=null]
2018-08-14 13:03:16.121  INFO 16844 --- [           main] f.a.AutowiredAnnotationBeanPostProcessor : JSR-330 &apos;javax.inject.Inject&apos; annotation found and supported for autowiring
2018-08-14 13:03:16.163  INFO 16844 --- [           main] trationDelegate$BeanPostProcessorChecker : Bean &apos;org.apache.shiro.spring.boot.autoconfigure.ShiroBeanAutoConfiguration&apos; of type [org.apache.shiro.spring.boot.autoconfigure.ShiroBeanAutoConfiguration$$EnhancerBySpringCGLIB$$71dcf3a2] is not eligible for getting processed by all BeanPostProcessors (for example: not eligible for auto-proxying)
2018-08-14 13:03:16.235  INFO 16844 --- [           main] trationDelegate$BeanPostProcessorChecker : Bean &apos;org.apache.shiro.spring.boot.autoconfigure.ShiroAnnotationProcessorAutoConfiguration&apos; of type [org.apache.shiro.spring.boot.autoconfigure.ShiroAnnotationProcessorAutoConfiguration$$EnhancerBySpringCGLIB$$74703247] is not eligible for getting processed by all BeanPostProcessors (for example: not eligible for auto-proxying)
2018-08-14 13:03:16.321  INFO 16844 --- [           main] trationDelegate$BeanPostProcessorChecker : Bean &apos;org.springframework.transaction.annotation.ProxyTransactionManagementConfiguration&apos; of type [org.springframework.transaction.annotation.ProxyTransactionManagementConfiguration$$EnhancerBySpringCGLIB$$5ec415f2] is not eligible for getting processed by all BeanPostProcessors (for example: not eligible for auto-proxying)
2018-08-14 13:03:16.356  INFO 16844 --- [           main] trationDelegate$BeanPostProcessorChecker : Bean &apos;webApplication&apos; of type [com.redspark.nycl.WebApplication$$EnhancerBySpringCGLIB$$3dbac4f8] is not eligible for getting processed by all BeanPostProcessors (for example: not eligible for auto-proxying)
2018-08-14 13:03:16.367  INFO 16844 --- [           main] trationDelegate$BeanPostProcessorChecker : Bean &apos;cacheManager&apos; of type [org.apache.shiro.cache.MemoryConstrainedCacheManager] is not eligible for getting processed by all BeanPostProcessors (for example: not eligible for auto-proxying)
2018-08-14 13:03:16.376  INFO 16844 --- [           main] trationDelegate$BeanPostProcessorChecker : Bean &apos;eventBus&apos; of type [org.apache.shiro.event.support.DefaultEventBus] is not eligible for getting processed by all BeanPostProcessors (for example: not eligible for auto-proxying)
2018-08-14 13:03:16.431  INFO 16844 --- [           main] trationDelegate$BeanPostProcessorChecker : Bean &apos;org.apache.shiro.spring.config.web.autoconfigure.ShiroWebAutoConfiguration&apos; of type [org.apache.shiro.spring.config.web.autoconfigure.ShiroWebAutoConfiguration$$EnhancerBySpringCGLIB$$9679540c] is not eligible for getting processed by all BeanPostProcessors (for example: not eligible for auto-proxying)
2018-08-14 13:03:16.466  INFO 16844 --- [           main] trationDelegate$BeanPostProcessorChecker : Bean &apos;realm&apos; of type [org.apache.shiro.realm.text.PropertiesRealm] is not eligible for getting processed by all BeanPostProcessors (for example: not eligible for auto-proxying)
2018-08-14 13:03:16.486  INFO 16844 --- [           main] trationDelegate$BeanPostProcessorChecker : Bean &apos;org.apache.shiro.spring.boot.autoconfigure.ShiroAutoConfiguration&apos; of type [org.apache.shiro.spring.boot.autoconfigure.ShiroAutoConfiguration$$EnhancerBySpringCGLIB$$37dc9572] is not eligible for getting processed by all BeanPostProcessors (for example: not eligible for auto-proxying)
2018-08-14 13:03:16.536  INFO 16844 --- [           main] trationDelegate$BeanPostProcessorChecker : Bean &apos;iniClasspathRealm&apos; of type [org.apache.shiro.realm.text.IniRealm] is not eligible for getting processed by all BeanPostProcessors (for example: not eligible for auto-proxying)
2018-08-14 13:03:16.772  INFO 16844 --- [           main] trationDelegate$BeanPostProcessorChecker : Bean &apos;sessionStorageEvaluator&apos; of type [org.apache.shiro.web.mgt.DefaultWebSessionStorageEvaluator] is not eligible for getting processed by all BeanPostProcessors (for example: not eligible for auto-proxying)
2018-08-14 13:03:16.775  INFO 16844 --- [           main] trationDelegate$BeanPostProcessorChecker : Bean &apos;subjectDAO&apos; of type [org.apache.shiro.mgt.DefaultSubjectDAO] is not eligible for getting processed by all BeanPostProcessors (for example: not eligible for auto-proxying)
2018-08-14 13:03:16.780  INFO 16844 --- [           main] trationDelegate$BeanPostProcessorChecker : Bean &apos;subjectFactory&apos; of type [org.apache.shiro.web.mgt.DefaultWebSubjectFactory] is not eligible for getting processed by all BeanPostProcessors (for example: not eligible for auto-proxying)
2018-08-14 13:03:16.785  INFO 16844 --- [           main] trationDelegate$BeanPostProcessorChecker : Bean &apos;rememberMeCookieTemplate&apos; of type [org.apache.shiro.web.servlet.SimpleCookie] is not eligible for getting processed by all BeanPostProcessors (for example: not eligible for auto-proxying)
2018-08-14 13:03:16.791  INFO 16844 --- [           main] trationDelegate$BeanPostProcessorChecker : Bean &apos;rememberMeManager&apos; of type [org.apache.shiro.web.mgt.CookieRememberMeManager] is not eligible for getting processed by all BeanPostProcessors (for example: not eligible for auto-proxying)
2018-08-14 13:03:16.796  INFO 16844 --- [           main] trationDelegate$BeanPostProcessorChecker : Bean &apos;authenticationStrategy&apos; of type [org.apache.shiro.authc.pam.AtLeastOneSuccessfulStrategy] is not eligible for getting processed by all BeanPostProcessors (for example: not eligible for auto-proxying)
2018-08-14 13:03:16.800  INFO 16844 --- [           main] trationDelegate$BeanPostProcessorChecker : Bean &apos;authenticator&apos; of type [org.apache.shiro.authc.pam.ModularRealmAuthenticator] is not eligible for getting processed by all BeanPostProcessors (for example: not eligible for auto-proxying)
2018-08-14 13:03:16.806  INFO 16844 --- [           main] trationDelegate$BeanPostProcessorChecker : Bean &apos;authorizer&apos; of type [org.apache.shiro.authz.ModularRealmAuthorizer] is not eligible for getting processed by all BeanPostProcessors (for example: not eligible for auto-proxying)
2018-08-14 13:03:16.810  INFO 16844 --- [           main] trationDelegate$BeanPostProcessorChecker : Bean &apos;sessionManager&apos; of type [org.apache.shiro.web.session.mgt.ServletContainerSessionManager] is not eligible for getting processed by all BeanPostProcessors (for example: not eligible for auto-proxying)
2018-08-14 13:03:16.820  INFO 16844 --- [           main] trationDelegate$BeanPostProcessorChecker : Bean &apos;securityManager&apos; of type [org.apache.shiro.web.mgt.DefaultWebSecurityManager] is not eligible for getting processed by all BeanPostProcessors (for example: not eligible for auto-proxying)
2018-08-14 13:03:16.836  INFO 16844 --- [           main] trationDelegate$BeanPostProcessorChecker : Bean &apos;authorizationAttributeSourceAdvisor&apos; of type [org.apache.shiro.spring.security.interceptor.AuthorizationAttributeSourceAdvisor] is not eligible for getting processed by all BeanPostProcessors (for example: not eligible for auto-proxying)
2018-08-14 13:03:16.848  INFO 16844 --- [           main] trationDelegate$BeanPostProcessorChecker : Bean &apos;shiroFilterChainDefinition&apos; of type [org.apache.shiro.spring.web.config.DefaultShiroFilterChainDefinition] is not eligible for getting processed by all BeanPostProcessors (for example: not eligible for auto-proxying)
2018-08-14 13:03:16.850  INFO 16844 --- [           main] trationDelegate$BeanPostProcessorChecker : Bean &apos;org.apache.shiro.spring.config.web.autoconfigure.ShiroWebFilterConfiguration&apos; of type [org.apache.shiro.spring.config.web.autoconfigure.ShiroWebFilterConfiguration$$EnhancerBySpringCGLIB$$c8e3b943] is not eligible for getting processed by all BeanPostProcessors (for example: not eligible for auto-proxying)
2018-08-14 13:03:22.206  INFO 16844 --- [           main] j.LocalContainerEntityManagerFactoryBean : Building JPA container EntityManagerFactory for persistence unit &apos;default&apos;
2018-08-14 13:03:22.230  INFO 16844 --- [           main] o.hibernate.jpa.internal.util.LogHelper  : HHH000204: Processing PersistenceUnitInfo [
	name: default
	...]
2018-08-14 13:03:22.346  INFO 16844 --- [           main] org.hibernate.Version                    : HHH000412: Hibernate Core {5.0.12.Final}
2018-08-14 13:03:22.347  INFO 16844 --- [           main] org.hibernate.cfg.Environment            : HHH000206: hibernate.properties not found
2018-08-14 13:03:22.350  INFO 16844 --- [           main] org.hibernate.cfg.Environment            : HHH000021: Bytecode provider name : javassist
2018-08-14 13:03:22.406  INFO 16844 --- [           main] o.hibernate.annotations.common.Version   : HCANN000001: Hibernate Commons Annotations {5.0.1.Final}
2018-08-14 13:03:22.550  INFO 16844 --- [           main] org.hibernate.dialect.Dialect            : HHH000400: Using dialect: org.hibernate.dialect.PostgreSQLDialect
2018-08-14 13:03:54.356  INFO 16844 --- [           main] o.h.e.j.e.i.LobCreatorBuilderImpl        : HHH000424: Disabling contextual LOB creation as createClob() method threw error : java.lang.reflect.InvocationTargetException
2018-08-14 13:03:54.359  INFO 16844 --- [           main] org.hibernate.type.BasicTypeRegistry     : HHH000270: Type registration [java.util.UUID] overrides previous : org.hibernate.type.UUIDBinaryType@33f2cfda
2018-08-14 13:03:54.582  WARN 16844 --- [           main] org.hibernate.id.UUIDHexGenerator        : HHH000409: Using org.hibernate.id.UUIDHexGenerator which does not generate IETF RFC 4122 compliant UUID values; consider using org.hibernate.id.UUIDGenerator instead
2018-08-14 13:03:55.084  INFO 16844 --- [           main] org.hibernate.tool.hbm2ddl.SchemaUpdate  : HHH000228: Running hbm2ddl schema update
2018-08-14 13:04:09.903  INFO 16844 --- [           main] j.LocalContainerEntityManagerFactoryBean : Initialized JPA EntityManagerFactory for persistence unit &apos;default&apos;
2018-08-14 13:04:11.677  INFO 16844 --- [           main] org.mongodb.driver.cluster               : Cluster created with settings {hosts=[localhost:27017], mode=SINGLE, requiredClusterType=UNKNOWN, serverSelectionTimeout=&apos;30000 ms&apos;, maxWaitQueueSize=500}
2018-08-14 13:04:11.873  INFO 16844 --- [localhost:27017] org.mongodb.driver.connection            : Opened connection [connectionId{localValue:1, serverValue:1}] to localhost:27017
2018-08-14 13:04:11.875  INFO 16844 --- [localhost:27017] org.mongodb.driver.cluster               : Monitor thread successfully connected to server with description ServerDescription{address=localhost:27017, type=STANDALONE, state=CONNECTED, ok=true, version=ServerVersion{versionList=[3, 2, 9]}, minWireVersion=0, maxWireVersion=4, maxDocumentSize=16777216, roundTripTimeNanos=558541}
2018-08-14 13:04:11.955  INFO 16844 --- [           main] s.w.s.m.m.a.RequestMappingHandlerAdapter : Looking for @ControllerAdvice: org.springframework.web.context.support.GenericWebApplicationContext@34f5090e: startup date [Tue Aug 14 13:03:14 BST 2018]; root of context hierarchy
2018-08-14 13:04:12.063  INFO 16844 --- [           main] s.w.s.m.m.a.RequestMappingHandlerMapping : Mapped &quot;{[/getcupentries],methods=[GET]}&quot; onto public org.springframework.http.ResponseEntity com.redspark.nycl.AdminController.getCupEntries()
2018-08-14 13:04:12.065  INFO 16844 --- [           main] s.w.s.m.m.a.RequestMappingHandlerMapping : Mapped &quot;{[/saveseason],methods=[PUT]}&quot; onto public void com.redspark.nycl.AdminController.saveSeason(com.redspark.nycl.domain.Season)
2018-08-14 13:04:12.065  INFO 16844 --- [           main] s.w.s.m.m.a.RequestMappingHandlerMapping : Mapped &quot;{[/getleague],methods=[GET]}&quot; onto public org.springframework.http.ResponseEntity com.redspark.nycl.AdminController.getLeagueTeams(java.lang.String)
2018-08-14 13:04:12.065  INFO 16844 --- [           main] s.w.s.m.m.a.RequestMappingHandlerMapping : Mapped &quot;{[/getseason],methods=[GET]}&quot; onto public org.springframework.http.ResponseEntity com.redspark.nycl.AdminController.getSeason()
2018-08-14 13:04:12.065  INFO 16844 --- [           main] s.w.s.m.m.a.RequestMappingHandlerMapping : Mapped &quot;{[/updateleagues],methods=[POST]}&quot; onto public void com.redspark.nycl.AdminController.updateLeagues(com.redspark.nycl.domain.League)
2018-08-14 13:04:12.066  INFO 16844 --- [           main] s.w.s.m.m.a.RequestMappingHandlerMapping : Mapped &quot;{[/generatefixtures],methods=[GET]}&quot; onto public void com.redspark.nycl.AdminController.generateFixtures()
2018-08-14 13:04:12.067  INFO 16844 --- [           main] s.w.s.m.m.a.RequestMappingHandlerMapping : Mapped &quot;{[/register],methods=[POST],consumes=[application/json]}&quot; onto public java.lang.String com.redspark.nycl.ApplicationFormController.register(com.redspark.nycl.domain.Club)
2018-08-14 13:04:12.068  INFO 16844 --- [           main] s.w.s.m.m.a.RequestMappingHandlerMapping : Mapped &quot;{[/apply],methods=[POST],consumes=[application/json]}&quot; onto public java.lang.String com.redspark.nycl.ApplicationFormController.apply(com.redspark.nycl.domain.Club)
2018-08-14 13:04:12.068  INFO 16844 --- [           main] s.w.s.m.m.a.RequestMappingHandlerMapping : Mapped &quot;{[/complete],methods=[POST],consumes=[application/json]}&quot; onto public java.lang.String com.redspark.nycl.ApplicationFormController.completeApplication(com.redspark.nycl.domain.Club)
2018-08-14 13:04:12.069  INFO 16844 --- [           main] s.w.s.m.m.a.RequestMappingHandlerMapping : Mapped &quot;{[/addteam],methods=[POST],consumes=[application/json]}&quot; onto public org.springframework.http.ResponseEntity com.redspark.nycl.ClubController.addTeam(com.redspark.nycl.domain.Team)
2018-08-14 13:04:12.069  INFO 16844 --- [           main] s.w.s.m.m.a.RequestMappingHandlerMapping : Mapped &quot;{[/getteams],methods=[GET]}&quot; onto public org.springframework.http.ResponseEntity com.redspark.nycl.ClubController.getTeams(java.lang.String)
2018-08-14 13:04:12.070  INFO 16844 --- [           main] s.w.s.m.m.a.RequestMappingHandlerMapping : Mapped &quot;{[/getclubs],methods=[GET]}&quot; onto public org.springframework.http.ResponseEntity com.redspark.nycl.ClubController.getClubs()
2018-08-14 13:04:12.070  INFO 16844 --- [           main] s.w.s.m.m.a.RequestMappingHandlerMapping : Mapped &quot;{[/getclub],methods=[GET]}&quot; onto public org.springframework.http.ResponseEntity com.redspark.nycl.ClubController.getClub(java.lang.String)
2018-08-14 13:04:12.070  INFO 16844 --- [           main] s.w.s.m.m.a.RequestMappingHandlerMapping : Mapped &quot;{[/updatecupentries],methods=[POST],consumes=[application/json]}&quot; onto public org.springframework.http.ResponseEntity com.redspark.nycl.ClubController.updateCupEntries(com.redspark.nycl.domain.Club)
2018-08-14 13:04:12.071  INFO 16844 --- [           main] s.w.s.m.m.a.RequestMappingHandlerMapping : Mapped &quot;{[/status],methods=[GET]}&quot; onto public org.springframework.http.ResponseEntity com.redspark.nycl.ClubController.getStatus(java.lang.String)
2018-08-14 13:04:12.072  INFO 16844 --- [           main] s.w.s.m.m.a.RequestMappingHandlerMapping : Mapped &quot;{[/download/contacts],methods=[GET]}&quot; onto public org.springframework.http.ResponseEntity&lt;org.springframework.core.io.Resource&gt; com.redspark.nycl.DownloadController.downloadContacts() throws java.io.IOException
2018-08-14 13:04:12.074  INFO 16844 --- [           main] s.w.s.m.m.a.RequestMappingHandlerMapping : Mapped &quot;{[/download/clubs],methods=[GET]}&quot; onto public org.springframework.http.ResponseEntity&lt;org.springframework.core.io.Resource&gt; com.redspark.nycl.DownloadController.downloadClubDetails() throws java.io.IOException
2018-08-14 13:04:12.074  INFO 16844 --- [           main] s.w.s.m.m.a.RequestMappingHandlerMapping : Mapped &quot;{[/download/teams],methods=[GET]}&quot; onto public org.springframework.http.ResponseEntity&lt;org.springframework.core.io.Resource&gt; com.redspark.nycl.DownloadController.downloadTeamDetails() throws java.io.IOException
2018-08-14 13:04:12.074  INFO 16844 --- [           main] s.w.s.m.m.a.RequestMappingHandlerMapping : Mapped &quot;{[/download/fixtures],methods=[GET]}&quot; onto public org.springframework.http.ResponseEntity&lt;org.springframework.core.io.Resource&gt; com.redspark.nycl.DownloadController.downloadFixtures() throws java.io.IOException
2018-08-14 13:04:12.075  INFO 16844 --- [           main] s.w.s.m.m.a.RequestMappingHandlerMapping : Mapped &quot;{[/getfixtures],methods=[GET]}&quot; onto public org.springframework.http.ResponseEntity com.redspark.nycl.FixtureController.getFixtures(java.lang.String)
2018-08-14 13:04:12.075  INFO 16844 --- [           main] s.w.s.m.m.a.RequestMappingHandlerMapping : Mapped &quot;{[/security/getrole],methods=[GET]}&quot; onto public java.lang.String com.redspark.nycl.SecurityController.getRole(java.lang.String)
2018-08-14 13:04:12.076  INFO 16844 --- [           main] s.w.s.m.m.a.RequestMappingHandlerMapping : Mapped &quot;{[/security/logout],methods=[GET]}&quot; onto public void com.redspark.nycl.SecurityController.logout()
2018-08-14 13:04:12.076  INFO 16844 --- [           main] s.w.s.m.m.a.RequestMappingHandlerMapping : Mapped &quot;{[/security/login],methods=[POST],consumes=[application/json]}&quot; onto public org.springframework.http.ResponseEntity com.redspark.nycl.SecurityController.login(java.util.Map&lt;java.lang.String, java.lang.String&gt;)
2018-08-14 13:04:12.077  INFO 16844 --- [           main] s.w.s.m.m.a.RequestMappingHandlerMapping : Mapped &quot;{[/error]}&quot; onto public org.springframework.http.ResponseEntity&lt;java.util.Map&lt;java.lang.String, java.lang.Object&gt;&gt; org.springframework.boot.autoconfigure.web.BasicErrorController.error(javax.servlet.http.HttpServletRequest)
2018-08-14 13:04:12.078  INFO 16844 --- [           main] s.w.s.m.m.a.RequestMappingHandlerMapping : Mapped &quot;{[/error],produces=[text/html]}&quot; onto public org.springframework.web.servlet.ModelAndView org.springframework.boot.autoconfigure.web.BasicErrorController.errorHtml(javax.servlet.http.HttpServletRequest,javax.servlet.http.HttpServletResponse)
2018-08-14 13:04:12.160  INFO 16844 --- [           main] o.s.w.s.handler.SimpleUrlHandlerMapping  : Mapped URL path [/webjars/**] onto handler of type [class org.springframework.web.servlet.resource.ResourceHttpRequestHandler]
2018-08-14 13:04:12.160  INFO 16844 --- [           main] o.s.w.s.handler.SimpleUrlHandlerMapping  : Mapped URL path [/**] onto handler of type [class org.springframework.web.servlet.resource.ResourceHttpRequestHandler]
2018-08-14 13:04:12.241  INFO 16844 --- [           main] o.s.w.s.handler.SimpleUrlHandlerMapping  : Mapped URL path [/**/favicon.ico] onto handler of type [class org.springframework.web.servlet.resource.ResourceHttpRequestHandler]
2018-08-14 13:04:13.284  INFO 16844 --- [           main] com.redspark.nycl.FixtureGenerationTest  : Started FixtureGenerationTest in 59.073 seconds (JVM running for 59.919)
2018-08-14 13:04:13.384  INFO 16844 --- [           main] o.h.h.i.QueryTranslatorFactoryInitiator  : HHH000397: Using ASTQueryTranslatorFactory
</system-out>
    <system-err>SLF4J: Class path contains multiple SLF4J bindings.
SLF4J: Found binding in [jar:file:/Users/simonpark/.m2/repository/ch/qos/logback/logback-classic/1.1.11/logback-classic-1.1.11.jar!/org/slf4j/impl/StaticLoggerBinder.class]
SLF4J: Found binding in [jar:file:/Users/simonpark/.m2/repository/org/slf4j/slf4j-log4j12/1.7.16/slf4j-log4j12-1.7.16.jar!/org/slf4j/impl/StaticLoggerBinder.class]
SLF4J: See http://www.slf4j.org/codes.html#multiple_bindings for an explanation.
SLF4J: Actual binding is of type [ch.qos.logback.classic.util.ContextSelectorStaticBinder]
</system-err>
  </testcase>
</testsuite>